{
  "RSpec": {
    "coverage": {
      "/Users/student/Programming/Makers/bookmark_manager/app.rb": {
        "lines": [
          1,
          null,
          1,
          1,
          1,
          null,
          null
        ]
      },
      "/Users/student/Programming/Makers/bookmark_manager/spec/features/testing_infrastructure_spec.rb": {
        "lines": [
          1,
          null,
          1,
          1,
          1,
          1,
          null,
          null
        ]
      }
    },
    "timestamp": 1581347366
  }
}
